<?xml version="1.0" encoding="UTF-8"?>
<!-- Generated by org.testng.reporters.JUnitReportReporter -->
<testsuite hostname="CHNMCT331389L" failures="0" tests="3" name="docker.ChromeTest" time="10.230" errors="0" timestamp="2020-09-17T12:18:39 IST" skipped="0">
  <testcase classname="docker.ChromeTest" name="f" time="0.105"/>
  <system-out/>
  <testcase classname="docker.ChromeTest" name="f2" time="10.029"/>
  <system-out/>
  <testcase classname="docker.ChromeTest" name="f3" time="0.096"/>
  <system-out/>
</testsuite> <!-- docker.ChromeTest -->
