<?xml version="1.0" encoding="UTF-8"?>
<!-- Generated by org.testng.reporters.JUnitReportReporter -->
<testsuite hostname="CHNMCT331389L" failures="0" tests="3" name="docker.FirefoxTest" time="10.559" errors="0" timestamp="2020-09-17T12:22:41 IST" skipped="0">
  <testcase classname="docker.FirefoxTest" name="f3" time="2.944"/>
  <system-out/>
  <testcase classname="docker.FirefoxTest" name="f2" time="7.505"/>
  <system-out/>
  <testcase classname="docker.FirefoxTest" name="f" time="0.110"/>
  <system-out/>
</testsuite> <!-- docker.FirefoxTest -->
