<?xml version="1.0" encoding="UTF-8"?>
<!-- Generated by org.testng.reporters.JUnitReportReporter -->
<testsuite hostname="BLRKEC350616L" failures="0" tests="1" name="docker.SleniumwithChrome" time="10.351" errors="0" timestamp="2020-09-09T12:11:42 IST" skipped="0">
  <testcase classname="docker.SleniumwithChrome" name="grid1" time="10.351"/>
  <system-out/>
</testsuite> <!-- docker.SleniumwithChrome -->
