<?xml version="1.0" encoding="UTF-8"?>
<!-- Generated by org.testng.reporters.JUnitReportReporter -->
<testsuite hostname="BLRKEC350616L" failures="0" tests="1" name="docker.Firefoxtest1" time="19.485" errors="0" timestamp="2020-09-09T12:11:42 IST" skipped="0">
  <testcase classname="docker.Firefoxtest1" name="grid2" time="19.485"/>
  <system-out/>
</testsuite> <!-- docker.Firefoxtest1 -->
